<?xml version="1.0" encoding="UTF-8"?>
<!-- Generated by org.testng.reporters.JUnitXMLReporter -->
<testsuite ignored="0" hostname="DESKTOP-F5B8GGK" failures="0" tests="3" name="Default test" time="15.169" errors="0" timestamp="2021-03-05T12:15:28 IST">
  <testcase classname="Testng_framework.T12_Test" name="f" time="2.31"/>
  <testcase classname="Testng_framework.T12_Test" name="f" time="2.214"/>
  <testcase classname="Testng_framework.T12_Test" name="f" time="2.186"/>
</testsuite> <!-- Default test -->
