<?xml version="1.0" encoding="UTF-8"?>
<testng-results ignored="0" total="3" passed="3" failed="0" skipped="0">
  <reporter-output>
  </reporter-output>
  <suite started-at="2021-03-05T12:15:13 IST" name="Default suite" finished-at="2021-03-05T12:15:28 IST" duration-ms="15169">
    <groups>
    </groups>
    <test started-at="2021-03-05T12:15:13 IST" name="Default test" finished-at="2021-03-05T12:15:28 IST" duration-ms="15169">
      <class name="Testng_framework.T12_Test">
        <test-method is-config="true" signature="beforeSuite()[pri:0, instance:Testng_framework.T12_Test@19d481b]" started-at="2021-03-05T12:15:13 IST" name="beforeSuite" finished-at="2021-03-05T12:15:13 IST" duration-ms="14" status="PASS">
          <reporter-output>
          </reporter-output>
        </test-method> <!-- beforeSuite -->
        <test-method is-config="true" signature="beforeTest()[pri:0, instance:Testng_framework.T12_Test@19d481b]" started-at="2021-03-05T12:15:13 IST" name="beforeTest" finished-at="2021-03-05T12:15:13 IST" duration-ms="1" status="PASS">
          <reporter-output>
          </reporter-output>
        </test-method> <!-- beforeTest -->
        <test-method is-config="true" signature="beforeClass()[pri:0, instance:Testng_framework.T12_Test@19d481b]" started-at="2021-03-05T12:15:13 IST" name="beforeClass" finished-at="2021-03-05T12:15:21 IST" duration-ms="8375" status="PASS">
          <reporter-output>
          </reporter-output>
        </test-method> <!-- beforeClass -->
        <test-method is-config="true" signature="beforeMethod()[pri:0, instance:Testng_framework.T12_Test@19d481b]" started-at="2021-03-05T12:15:21 IST" name="beforeMethod" finished-at="2021-03-05T12:15:21 IST" duration-ms="1" status="PASS">
          <reporter-output>
          </reporter-output>
        </test-method> <!-- beforeMethod -->
        <test-method signature="f(java.lang.String, java.lang.String)[pri:0, instance:Testng_framework.T12_Test@19d481b]" started-at="2021-03-05T12:15:21 IST" name="f" data-provider="dp" finished-at="2021-03-05T12:15:24 IST" duration-ms="2310" status="PASS">
          <params>
            <param index="0">
              <value>
                <![CDATA[Captial]]>
              </value>
            </param>
            <param index="1">
              <value>
                <![CDATA[Delhi]]>
              </value>
            </param>
          </params>
          <reporter-output>
          </reporter-output>
        </test-method> <!-- f -->
        <test-method is-config="true" signature="afterMethod()[pri:0, instance:Testng_framework.T12_Test@19d481b]" started-at="2021-03-05T12:15:24 IST" name="afterMethod" finished-at="2021-03-05T12:15:24 IST" duration-ms="0" status="PASS">
          <reporter-output>
          </reporter-output>
        </test-method> <!-- afterMethod -->
        <test-method is-config="true" signature="beforeMethod()[pri:0, instance:Testng_framework.T12_Test@19d481b]" started-at="2021-03-05T12:15:24 IST" name="beforeMethod" finished-at="2021-03-05T12:15:24 IST" duration-ms="2" status="PASS">
          <reporter-output>
          </reporter-output>
        </test-method> <!-- beforeMethod -->
        <test-method signature="f(java.lang.String, java.lang.String)[pri:0, instance:Testng_framework.T12_Test@19d481b]" started-at="2021-03-05T12:15:24 IST" name="f" data-provider="dp" finished-at="2021-03-05T12:15:26 IST" duration-ms="2214" status="PASS">
          <params>
            <param index="0">
              <value>
                <![CDATA[South]]>
              </value>
            </param>
            <param index="1">
              <value>
                <![CDATA[Mysore]]>
              </value>
            </param>
          </params>
          <reporter-output>
          </reporter-output>
        </test-method> <!-- f -->
        <test-method is-config="true" signature="afterMethod()[pri:0, instance:Testng_framework.T12_Test@19d481b]" started-at="2021-03-05T12:15:26 IST" name="afterMethod" finished-at="2021-03-05T12:15:26 IST" duration-ms="1" status="PASS">
          <reporter-output>
          </reporter-output>
        </test-method> <!-- afterMethod -->
        <test-method is-config="true" signature="beforeMethod()[pri:0, instance:Testng_framework.T12_Test@19d481b]" started-at="2021-03-05T12:15:26 IST" name="beforeMethod" finished-at="2021-03-05T12:15:26 IST" duration-ms="1" status="PASS">
          <reporter-output>
          </reporter-output>
        </test-method> <!-- beforeMethod -->
        <test-method signature="f(java.lang.String, java.lang.String)[pri:0, instance:Testng_framework.T12_Test@19d481b]" started-at="2021-03-05T12:15:26 IST" name="f" data-provider="dp" finished-at="2021-03-05T12:15:28 IST" duration-ms="2186" status="PASS">
          <params>
            <param index="0">
              <value>
                <![CDATA[Beach]]>
              </value>
            </param>
            <param index="1">
              <value>
                <![CDATA[Goa]]>
              </value>
            </param>
          </params>
          <reporter-output>
          </reporter-output>
        </test-method> <!-- f -->
        <test-method is-config="true" signature="afterMethod()[pri:0, instance:Testng_framework.T12_Test@19d481b]" started-at="2021-03-05T12:15:28 IST" name="afterMethod" finished-at="2021-03-05T12:15:28 IST" duration-ms="0" status="PASS">
          <reporter-output>
          </reporter-output>
        </test-method> <!-- afterMethod -->
        <test-method is-config="true" signature="afterClass()[pri:0, instance:Testng_framework.T12_Test@19d481b]" started-at="2021-03-05T12:15:28 IST" name="afterClass" finished-at="2021-03-05T12:15:28 IST" duration-ms="0" status="PASS">
          <reporter-output>
          </reporter-output>
        </test-method> <!-- afterClass -->
        <test-method is-config="true" signature="afterTest()[pri:0, instance:Testng_framework.T12_Test@19d481b]" started-at="2021-03-05T12:15:28 IST" name="afterTest" finished-at="2021-03-05T12:15:28 IST" duration-ms="0" status="PASS">
          <reporter-output>
          </reporter-output>
        </test-method> <!-- afterTest -->
        <test-method is-config="true" signature="afterSuite()[pri:0, instance:Testng_framework.T12_Test@19d481b]" started-at="2021-03-05T12:15:28 IST" name="afterSuite" finished-at="2021-03-05T12:15:28 IST" duration-ms="1" status="PASS">
          <reporter-output>
          </reporter-output>
        </test-method> <!-- afterSuite -->
      </class> <!-- Testng_framework.T12_Test -->
    </test> <!-- Default test -->
  </suite> <!-- Default suite -->
</testng-results>
